0 info it worked if it ends with ok
1 verbose cli [ 'C:\\Program Files\\nodejs\\node.exe',
1 verbose cli   'C:\\Users\\Khalil\\AppData\\Roaming\\npm\\node_modules\\npm\\bin\\npm-cli.js',
1 verbose cli   'start' ]
2 info using npm@4.0.5
3 info using node@v7.2.0
4 verbose run-script [ 'prestart', 'start', 'poststart' ]
5 info lifecycle chapter2@0.0.0~prestart: chapter2@0.0.0
6 silly lifecycle chapter2@0.0.0~prestart: no script for prestart, continuing
7 info lifecycle chapter2@0.0.0~start: chapter2@0.0.0
8 verbose lifecycle chapter2@0.0.0~start: unsafe-perm in lifecycle true
9 verbose lifecycle chapter2@0.0.0~start: PATH: C:\Users\Khalil\AppData\Roaming\npm\node_modules\npm\bin\node-gyp-bin;C:\Users\Khalil\Desktop\nodejs\blueprints-master\ActorsApiNodeJs\node_modules\.bin;C:\Users\Khalil\bin;C:\Program Files\Git\mingw64\bin;C:\Program Files\Git\usr\local\bin;C:\Program Files\Git\usr\bin;C:\Program Files\Git\usr\bin;C:\Program Files\Git\mingw64\bin;C:\Program Files\Git\usr\bin;C:\Users\Khalil\bin;C:\Program Files\Java\jdk1.8.0_31\bin;C:\app\Oracle\product\12.1.0\dbhome_1\bin;C:\ProgramData\Oracle\Java\javapath;C:\Program Files (x86)\NVIDIA Corporation\PhysX\Common;C:\Program Files (x86)\Intel\iCLS Client;C:\Program Files\Intel\iCLS Client;C:\Windows\system32;C:\Windows;C:\Windows\System32\Wbem;C:\Windows\System32\WindowsPowerShell\v1.0;C:\Program Files\Intel\Intel(R) Management Engine Components\DAL;C:\Program Files\Intel\Intel(R) Management Engine Components\IPT;C:\Program Files (x86)\Intel\Intel(R) Management Engine Components\DAL;C:\Program Files (x86)\Intel\Intel(R) Management Engine Components\IPT;C:\Program Files (x86)\Druide\Antidote 8\Programmes64;C:\Program Files (x86)\Druide\Antidote 8\Programmes32;C:\Program Files (x86)\Skype\Phone;C:\Program Files (x86)\Windows Kits\8.1\Windows Performance Toolkit;C:\Program Files\Microsoft SQL Server\110\Tools\Binn;C:\Program Files (x86)\GtkSharp\2.12\bin;C:\Program Files\Git\cmd;C:\Program Files\nodejs;C:\Program Files\MATLAB\R2016a\bin;C:\Program Files\Amazon\AWSCLI;C:\HashiCorp\Vagrant\bin;C:\Program Files\Java\jdk1.8.0_31\bin;C:\RailsInstaller\Git\cmd;C:\RailsInstaller\Ruby2.2.0\bin;C:\Program Files\Java\jdk1.8.0_31\bin;C:\Program Files\Java\jdk1.8.0_31\bin;C:\app\Oracle\product\12.1.0\dbhome_1\bin;C:\ProgramData\Oracle\Java\javapath;C:\Program Files (x86)\NVIDIA Corporation\PhysX\Common;C:\Program Files (x86)\Intel\iCLS Client;C:\Program Files\Intel\iCLS Client;C:\Windows\system32;C:\Windows;C:\Windows\System32\Wbem;C:\Windows\System32\WindowsPowerShell\v1.0;C:\Program Files\Intel\Intel(R) Management Engine Components\DAL;C:\Program Files\Intel\Intel(R) Management Engine Components\IPT;C:\Program Files (x86)\Intel\Intel(R) Management Engine Components\DAL;C:\Program Files (x86)\Intel\Intel(R) Management Engine Components\IPT;C:\Program Files (x86)\Druide\Antidote 8\Programmes64;C:\Program Files (x86)\Druide\Antidote 8\Programmes32;C:\Program Files (x86)\Skype\Phone;C:\Program Files (x86)\Windows Kits\8.1\Windows Performance Toolkit;C:\Program Files\Microsoft SQL Server\110\Tools\Binn;C:\Program Files (x86)\GtkSharp\2.12\bin;C:\Program Files\Git\cmd;C:\Program Files\nodejs;C:\Program Files\MATLAB\R2016a\bin;C:\Program Files\Amazon\AWSCLI;C:\HashiCorp\Vagrant\bin;C:\Users\Khalil\AppData\Roaming\npm;C:\Program Files (x86)\Microsoft VS Code\bin;C:\Program Files\Amazon\AWSCLI;C:\Program Files\Git\usr\bin\vendor_perl;C:\Program Files\Git\usr\bin\core_perl
10 verbose lifecycle chapter2@0.0.0~start: CWD: C:\Users\Khalil\Desktop\nodejs\blueprints-master\ActorsApiNodeJs
11 silly lifecycle chapter2@0.0.0~start: Args: [ '/d /s /c', 'node app.js' ]
12 silly lifecycle chapter2@0.0.0~start: Returned: code: 1  signal: null
13 info lifecycle chapter2@0.0.0~start: Failed to exec start script
14 verbose stack Error: chapter2@0.0.0 start: `node app.js`
14 verbose stack Exit status 1
14 verbose stack     at EventEmitter.<anonymous> (C:\Users\Khalil\AppData\Roaming\npm\node_modules\npm\lib\utils\lifecycle.js:279:16)
14 verbose stack     at emitTwo (events.js:106:13)
14 verbose stack     at EventEmitter.emit (events.js:191:7)
14 verbose stack     at ChildProcess.<anonymous> (C:\Users\Khalil\AppData\Roaming\npm\node_modules\npm\lib\utils\spawn.js:40:14)
14 verbose stack     at emitTwo (events.js:106:13)
14 verbose stack     at ChildProcess.emit (events.js:191:7)
14 verbose stack     at maybeClose (internal/child_process.js:885:16)
14 verbose stack     at Process.ChildProcess._handle.onexit (internal/child_process.js:226:5)
15 verbose pkgid chapter2@0.0.0
16 verbose cwd C:\Users\Khalil\Desktop\nodejs\blueprints-master\ActorsApiNodeJs
17 error Windows_NT 6.1.7601
18 error argv "C:\\Program Files\\nodejs\\node.exe" "C:\\Users\\Khalil\\AppData\\Roaming\\npm\\node_modules\\npm\\bin\\npm-cli.js" "start"
19 error node v7.2.0
20 error npm  v4.0.5
21 error code ELIFECYCLE
22 error chapter2@0.0.0 start: `node app.js`
22 error Exit status 1
23 error Failed at the chapter2@0.0.0 start script 'node app.js'.
23 error Make sure you have the latest version of node.js and npm installed.
23 error If you do, this is most likely a problem with the chapter2 package,
23 error not with npm itself.
23 error Tell the author that this fails on your system:
23 error     node app.js
23 error You can get information on how to open an issue for this project with:
23 error     npm bugs chapter2
23 error Or if that isn't available, you can get their info via:
23 error     npm owner ls chapter2
23 error There is likely additional logging output above.
24 verbose exit [ 1, true ]
